<?xml version="1.0" encoding="UTF-8"?>
<testsuite name="fizzbuzz.example.FizzBuzzTest" tests="1" skipped="0" failures="0" errors="0" timestamp="2022-03-28T17:19:50" hostname="LETO-PC" time="0.03">
  <properties/>
  <testcase name="shouldReturnFizzBuzz()" classname="fizzbuzz.example.FizzBuzzTest" time="0.03"/>
  <system-out><![CDATA[]]></system-out>
  <system-err><![CDATA[]]></system-err>
</testsuite>
