<?xml version="1.0" encoding="UTF-8"?>
<testsuite name="fizzbuzz.example.FizzBuzzTest" tests="6" skipped="0" failures="0" errors="0" timestamp="2022-03-28T11:27:14" hostname="LETO-PC" time="0.027">
  <properties/>
  <testcase name="shouldResultText()" classname="fizzbuzz.example.FizzBuzzTest" time="0.015"/>
  <testcase name="shouldReturnANumber()" classname="fizzbuzz.example.FizzBuzzTest" time="0.007"/>
  <testcase name="shouldMultiple()" classname="fizzbuzz.example.FizzBuzzTest" time="0.0"/>
  <testcase name="shouldReturnBuzz()" classname="fizzbuzz.example.FizzBuzzTest" time="0.0"/>
  <testcase name="shouldReturnFizz()" classname="fizzbuzz.example.FizzBuzzTest" time="0.0"/>
  <testcase name="shouldReturnFizzBuzz()" classname="fizzbuzz.example.FizzBuzzTest" time="0.0"/>
  <system-out><![CDATA[]]></system-out>
  <system-err><![CDATA[]]></system-err>
</testsuite>
